

============================== 2023-04-13 16:43:42.744953 | 2220be06-df77-4175-ab28-eee6349a0b27 ==============================
[0m16:43:42.744953 [info ] [MainThread]: Running with dbt=1.4.5
[0m16:43:42.747029 [debug] [MainThread]: running dbt with arguments {'write_json': True, 'use_colors': True, 'printer_width': 80, 'version_check': True, 'partial_parse': True, 'static_parser': True, 'profiles_dir': 'C:\\Users\\sivas\\.dbt', 'send_anonymous_usage_stats': True, 'quiet': False, 'no_print': False, 'cache_selected_only': False, 'skip_profile_setup': False, 'which': 'init', 'indirect_selection': 'eager'}
[0m16:43:42.747029 [debug] [MainThread]: Tracking: tracking
[0m16:43:42.763184 [debug] [MainThread]: Sending event: {'category': 'dbt', 'action': 'invocation', 'label': 'start', 'context': [<snowplow_tracker.self_describing_json.SelfDescribingJson object at 0x0000019824B50650>, <snowplow_tracker.self_describing_json.SelfDescribingJson object at 0x0000019824B7E810>, <snowplow_tracker.self_describing_json.SelfDescribingJson object at 0x0000019824B7D750>]}
[0m16:43:42.765098 [debug] [MainThread]: Flushing usage events


============================== 2023-04-13 16:51:33.237650 | df769650-435e-408e-9c54-5d00a62eec79 ==============================
[0m16:51:33.237650 [info ] [MainThread]: Running with dbt=1.4.5
[0m16:51:33.238648 [debug] [MainThread]: running dbt with arguments {'write_json': True, 'use_colors': True, 'printer_width': 80, 'version_check': True, 'partial_parse': True, 'static_parser': True, 'profiles_dir': 'C:\\Users\\sivas\\.dbt', 'send_anonymous_usage_stats': True, 'quiet': False, 'no_print': False, 'cache_selected_only': False, 'skip_profile_setup': False, 'which': 'init', 'indirect_selection': 'eager'}
[0m16:51:33.239630 [debug] [MainThread]: Tracking: tracking
[0m16:51:33.252602 [debug] [MainThread]: Sending event: {'category': 'dbt', 'action': 'invocation', 'label': 'start', 'context': [<snowplow_tracker.self_describing_json.SelfDescribingJson object at 0x00000205E861D250>, <snowplow_tracker.self_describing_json.SelfDescribingJson object at 0x00000205E896DA10>, <snowplow_tracker.self_describing_json.SelfDescribingJson object at 0x00000205E8DBF050>]}
[0m16:51:33.254602 [debug] [MainThread]: Flushing usage events


============================== 2023-04-13 16:53:18.668294 | b9e998db-6480-45d7-9df3-2c0184bf3680 ==============================
[0m16:53:18.668294 [info ] [MainThread]: Running with dbt=1.4.5
[0m16:53:18.670295 [debug] [MainThread]: running dbt with arguments {'write_json': True, 'use_colors': True, 'printer_width': 80, 'version_check': True, 'partial_parse': True, 'static_parser': True, 'profiles_dir': 'C:\\Users\\sivas\\.dbt', 'send_anonymous_usage_stats': True, 'quiet': False, 'no_print': False, 'cache_selected_only': False, 'skip_profile_setup': False, 'which': 'init', 'indirect_selection': 'eager'}
[0m16:53:18.671447 [debug] [MainThread]: Tracking: tracking
[0m16:53:18.684963 [debug] [MainThread]: Sending event: {'category': 'dbt', 'action': 'invocation', 'label': 'start', 'context': [<snowplow_tracker.self_describing_json.SelfDescribingJson object at 0x000002D71423C5D0>, <snowplow_tracker.self_describing_json.SelfDescribingJson object at 0x000002D71400CE50>, <snowplow_tracker.self_describing_json.SelfDescribingJson object at 0x000002D714302990>]}
[0m16:53:49.551252 [debug] [MainThread]: Starter project path: C:\Python311\Lib\site-packages\dbt\include\starter_project
[0m16:54:58.438676 [info ] [MainThread]: Profile Fivetran_dbt written to C:\Users\sivas\.dbt\profiles.yml using target's profile_template.yml and your supplied values. Run 'dbt debug' to validate the connection.
[0m16:54:58.439622 [info ] [MainThread]: 
Your new dbt project "Fivetran_dbt" was created!

For more information on how to configure the profiles.yml file,
please consult the dbt documentation here:

  https://docs.getdbt.com/docs/configure-your-profile

One more thing:

Need help? Don't hesitate to reach out to us via GitHub issues or on Slack:

  https://community.getdbt.com/

Happy modeling!

[0m16:54:58.440614 [debug] [MainThread]: Sending event: {'category': 'dbt', 'action': 'invocation', 'label': 'end', 'context': [<snowplow_tracker.self_describing_json.SelfDescribingJson object at 0x000002D715204ED0>, <snowplow_tracker.self_describing_json.SelfDescribingJson object at 0x000002D71522A110>, <snowplow_tracker.self_describing_json.SelfDescribingJson object at 0x000002D7156E74D0>]}
[0m16:54:58.440614 [debug] [MainThread]: Flushing usage events
